Using pre-set license
Built from '2021.3/staging' branch; Version is '2021.3.15f1 (e8e88683f834) revision 15263878'; Using compiler version '192829333'; Build Type 'Release'
OS: 'Windows 10  (10.0.19044) 64bit Professional' Language: 'pl' Physical Memory: 7975 MB
BatchMode: 1, IsHumanControllingUs: 0, StartBugReporterOnCrash: 0, Is64bit: 1, IsPro: 1

COMMAND LINE ARGUMENTS:
C:\Program Files\Unity\Hub\Editor\2021.3.15f1\Editor\Unity.exe
-adb2
-batchMode
-noUpm
-name
AssetImportWorker0
-projectPath
C:/Users/Filip/Documents/GitHub/HelloITGameJam-main
-logFile
Logs/AssetImportWorker0.log
-srvPort
63160
Successfully changed project path to: C:/Users/Filip/Documents/GitHub/HelloITGameJam-main
C:/Users/Filip/Documents/GitHub/HelloITGameJam-main
[UnityMemory] Configuration Parameters - Can be set up in boot.config
    "memorysetup-bucket-allocator-granularity=16"
    "memorysetup-bucket-allocator-bucket-count=8"
    "memorysetup-bucket-allocator-block-size=33554432"
    "memorysetup-bucket-allocator-block-count=8"
    "memorysetup-main-allocator-block-size=16777216"
    "memorysetup-thread-allocator-block-size=16777216"
    "memorysetup-gfx-main-allocator-block-size=16777216"
    "memorysetup-gfx-thread-allocator-block-size=16777216"
    "memorysetup-cache-allocator-block-size=4194304"
    "memorysetup-typetree-allocator-block-size=2097152"
    "memorysetup-profiler-bucket-allocator-granularity=16"
    "memorysetup-profiler-bucket-allocator-bucket-count=8"
    "memorysetup-profiler-bucket-allocator-block-size=33554432"
    "memorysetup-profiler-bucket-allocator-block-count=8"
    "memorysetup-profiler-allocator-block-size=16777216"
    "memorysetup-profiler-editor-allocator-block-size=1048576"
    "memorysetup-temp-allocator-size-main=16777216"
    "memorysetup-job-temp-allocator-block-size=2097152"
    "memorysetup-job-temp-allocator-block-size-background=1048576"
    "memorysetup-job-temp-allocator-reduction-small-platforms=262144"
    "memorysetup-temp-allocator-size-background-worker=32768"
    "memorysetup-temp-allocator-size-job-worker=262144"
    "memorysetup-temp-allocator-size-preload-manager=33554432"
    "memorysetup-temp-allocator-size-nav-mesh-worker=65536"
    "memorysetup-temp-allocator-size-audio-worker=65536"
    "memorysetup-temp-allocator-size-cloud-worker=32768"
    "memorysetup-temp-allocator-size-gi-baking-worker=262144"
    "memorysetup-temp-allocator-size-gfx=262144"
Player connection [17832] Host "[IP] 192.168.1.27 [Port] 0 [Flags] 2 [Guid] 1934851609 [EditorId] 1934851609 [Version] 1048832 [Id] WindowsEditor(7,DESKTOP-DHACKHC) [Debug] 1 [PackageName] WindowsEditor [ProjectName] Editor" joined multi-casting on [225.0.0.222:54997]...

Player connection [17832] Host "[IP] 192.168.1.27 [Port] 0 [Flags] 2 [Guid] 1934851609 [EditorId] 1934851609 [Version] 1048832 [Id] WindowsEditor(7,DESKTOP-DHACKHC) [Debug] 1 [PackageName] WindowsEditor [ProjectName] Editor" joined alternative multi-casting on [225.0.0.222:34997]...

Refreshing native plugins compatible for Editor in 85.75 ms, found 2 plugins.
Preloading 0 native plugins for Editor in 0.00 ms.
Initialize engine version: 2021.3.15f1 (e8e88683f834)
[Subsystems] Discovering subsystems at path C:/Program Files/Unity/Hub/Editor/2021.3.15f1/Editor/Data/Resources/UnitySubsystems
[Subsystems] Discovering subsystems at path C:/Users/Filip/Documents/GitHub/HelloITGameJam-main/Assets
GfxDevice: creating device client; threaded=0; jobified=0
Direct3D:
    Version:  Direct3D 11.0 [level 11.1]
    Renderer: NVIDIA GeForce GTX 1650 (ID=0x1f9d)
    Vendor:   NVIDIA
    VRAM:     3965 MB
    Driver:   30.0.15.1295
Initialize mono
Mono path[0] = 'C:/Program Files/Unity/Hub/Editor/2021.3.15f1/Editor/Data/Managed'
Mono path[1] = 'C:/Program Files/Unity/Hub/Editor/2021.3.15f1/Editor/Data/MonoBleedingEdge/lib/mono/unityjit-win32'
Mono config path = 'C:/Program Files/Unity/Hub/Editor/2021.3.15f1/Editor/Data/MonoBleedingEdge/etc'
Using monoOptions --debugger-agent=transport=dt_socket,embedding=1,server=y,suspend=n,address=127.0.0.1:56148
Begin MonoManager ReloadAssembly
Registering precompiled unity dll's ...
Register platform support module: C:/Program Files/Unity/Hub/Editor/2021.3.15f1/Editor/Data/PlaybackEngines/WindowsStandaloneSupport/UnityEditor.WindowsStandalone.Extensions.dll
Registered in 0.007690 seconds.
Native extension for WindowsStandalone target not found
Refreshing native plugins compatible for Editor in 63.65 ms, found 2 plugins.
Preloading 0 native plugins for Editor in 0.00 ms.
Mono: successfully reloaded assembly
- Completed reload, in  1.282 seconds
Domain Reload Profiling:
	ReloadAssembly (1283ms)
		BeginReloadAssembly (287ms)
			ExecutionOrderSort (0ms)
			DisableScriptedObjects (0ms)
			BackupInstance (0ms)
			ReleaseScriptingObjects (0ms)
			CreateAndSetChildDomain (4ms)
		EndReloadAssembly (777ms)
			LoadAssemblies (278ms)
			RebuildTransferFunctionScriptingTraits (1ms)
			SetupTypeCache (197ms)
			ReleaseScriptCaches (0ms)
			RebuildScriptCaches (48ms)
			SetupLoadedEditorAssemblies (424ms)
				LogAssemblyErrors (0ms)
				InitializePlatformSupportModulesInManaged (20ms)
				SetLoadedEditorAssemblies (1ms)
				RefreshPlugins (64ms)
				BeforeProcessingInitializeOnLoad (3ms)
				ProcessInitializeOnLoadAttributes (264ms)
				ProcessInitializeOnLoadMethodAttributes (72ms)
				AfterProcessingInitializeOnLoad (0ms)
				EditorAssembliesLoaded (0ms)
			ExecutionOrderSort2 (0ms)
			AwakeInstancesAfterBackupRestoration (0ms)
Platform modules already initialized, skipping
Registering precompiled user dll's ...
Registered in 0.006252 seconds.
Begin MonoManager ReloadAssembly
Native extension for WindowsStandalone target not found
Refreshing native plugins compatible for Editor in 1.20 ms, found 2 plugins.
Preloading 0 native plugins for Editor in 0.00 ms.
Mono: successfully reloaded assembly
- Completed reload, in  2.677 seconds
Domain Reload Profiling:
	ReloadAssembly (2678ms)
		BeginReloadAssembly (350ms)
			ExecutionOrderSort (0ms)
			DisableScriptedObjects (22ms)
			BackupInstance (0ms)
			ReleaseScriptingObjects (0ms)
			CreateAndSetChildDomain (63ms)
		EndReloadAssembly (2059ms)
			LoadAssemblies (306ms)
			RebuildTransferFunctionScriptingTraits (0ms)
			SetupTypeCache (681ms)
			ReleaseScriptCaches (1ms)
			RebuildScriptCaches (139ms)
			SetupLoadedEditorAssemblies (833ms)
				LogAssemblyErrors (0ms)
				InitializePlatformSupportModulesInManaged (12ms)
				SetLoadedEditorAssemblies (1ms)
				RefreshPlugins (1ms)
				BeforeProcessingInitializeOnLoad (152ms)
				ProcessInitializeOnLoadAttributes (597ms)
				ProcessInitializeOnLoadMethodAttributes (59ms)
				AfterProcessingInitializeOnLoad (11ms)
				EditorAssembliesLoaded (0ms)
			ExecutionOrderSort2 (0ms)
			AwakeInstancesAfterBackupRestoration (10ms)
Platform modules already initialized, skipping
========================================================================
Worker process is ready to serve import requests
Launched and connected shader compiler UnityShaderCompiler.exe after 0.14 seconds
Refreshing native plugins compatible for Editor in 1.23 ms, found 2 plugins.
Preloading 0 native plugins for Editor in 0.00 ms.
Unloading 2159 Unused Serialized files (Serialized files now loaded: 0)
Unloading 34 unused Assets / (1.3 MB). Loaded Objects now: 2630.
Memory consumption went from 112.0 MB to 110.7 MB.
Total: 10.185400 ms (FindLiveObjects: 0.448100 ms CreateObjectMapping: 0.177400 ms MarkObjects: 8.476300 ms  DeleteObjects: 1.080900 ms)

AssetImportParameters requested are different than current active one (requested -> active):
  custom:video-decoder-ogg-theora: a1e56fd34408186e4bbccfd4996cb3dc -> 
  custom:container-muxer-webm: aa71ff27fc2769a1b78a27578f13a17b -> 
  custom:container-demuxer-webm: 4f35f7cbe854078d1ac9338744f61a02 -> 
  custom:video-encoder-webm-vp8: eb34c28f22e8b96e1ab97ce403110664 -> 
  custom:audio-encoder-webm-vorbis: bf7c407c2cedff20999df2af8eb42d56 -> 
  custom:framework-win-MediaFoundation: 216162199b28c13a410421893ffa2e32 -> 
  custom:container-demuxer-ogg: 62fdf1f143b41e24485cea50d1cbac27 -> 
  custom:video-decoder-webm-vp8: 9c59270c3fd7afecdb556c50c9e8de78 -> 
  custom:audio-decoder-ogg-vorbis: bf7c407c2cedff20999df2af8eb42d56 -> 
========================================================================
Received Import Request.
  Time since last request: 8935153.060840 seconds.
  path: Assets/Models/circus (1).blend
  artifactKey: Guid(d607a7c1bbd96994b8eca216c913e7e4) Importer(815301076,1909f56bfc062723c751e8b465ee728b)
Start importing Assets/Models/circus (1).blend using Guid(d607a7c1bbd96994b8eca216c913e7e4) Importer(815301076,1909f56bfc062723c751e8b465ee728b)  -> (artifact id: '9b3a0b56b0e229267447a00228d605b9') in 0.468663 seconds 
========================================================================
Received Import Request.
  Time since last request: 36.683110 seconds.
  path: Assets/Models/BUDga_bilet.blend
  artifactKey: Guid(9390bca459959ad4185069c711a63d90) Importer(815301076,1909f56bfc062723c751e8b465ee728b)
Start importing Assets/Models/BUDga_bilet.blend using Guid(9390bca459959ad4185069c711a63d90) Importer(815301076,1909f56bfc062723c751e8b465ee728b)  -> (artifact id: 'b7d1f9c55d206bafdbcad81169d3f240') in 0.062833 seconds 
========================================================================
Received Import Request.
  Time since last request: 103.057174 seconds.
  path: Assets/Materials
  artifactKey: Guid(213707444170fc443a51647e0b5a0b97) Importer(815301076,1909f56bfc062723c751e8b465ee728b)
Start importing Assets/Materials using Guid(213707444170fc443a51647e0b5a0b97) Importer(815301076,1909f56bfc062723c751e8b465ee728b)  -> (artifact id: '58f1a4a6f52b293118edf747e73872ec') in 0.008263 seconds 
========================================================================
Received Import Request.
  Time since last request: 29.007031 seconds.
  path: Assets/Materials/budka1.mat
  artifactKey: Guid(a4345ef1fae14bd459ec5d0ab7865d25) Importer(815301076,1909f56bfc062723c751e8b465ee728b)
Start importing Assets/Materials/budka1.mat using Guid(a4345ef1fae14bd459ec5d0ab7865d25) Importer(815301076,1909f56bfc062723c751e8b465ee728b)  -> (artifact id: '366d8f316ef9c9fbb9ba1ce2a43613a5') in 0.040544 seconds 
========================================================================
Received Import Request.
  Time since last request: 73.642681 seconds.
  path: Assets/Sprites/budka_od_wewnatrz.png
  artifactKey: Guid(a268bb3c95e5cec4ebeac8cdb38460bb) Importer(815301076,1909f56bfc062723c751e8b465ee728b)
Start importing Assets/Sprites/budka_od_wewnatrz.png using Guid(a268bb3c95e5cec4ebeac8cdb38460bb) Importer(815301076,1909f56bfc062723c751e8b465ee728b)  -> (artifact id: '886b0ec6bc6ec90bf656f513a3a1673d') in 0.066818 seconds 
========================================================================
Received Import Request.
  Time since last request: 0.000031 seconds.
  path: Assets/Sprites/budka_od_zewnatrz.png
  artifactKey: Guid(26912e588f79d144cb247a3953461eb7) Importer(815301076,1909f56bfc062723c751e8b465ee728b)
Start importing Assets/Sprites/budka_od_zewnatrz.png using Guid(26912e588f79d144cb247a3953461eb7) Importer(815301076,1909f56bfc062723c751e8b465ee728b)  -> (artifact id: '0002c3e2b7b4665ad75ae1311c03217a') in 0.030633 seconds 
========================================================================
Received Import Request.
  Time since last request: 31.688811 seconds.
  path: Packages/com.unity.postprocessing/PostProcessing/Textures/SMAA/AreaTex.tga
  artifactKey: Guid(73ec4ae984a0a0f44a2be737e41a6f2f) Importer(815301076,1909f56bfc062723c751e8b465ee728b)
Start importing Packages/com.unity.postprocessing/PostProcessing/Textures/SMAA/AreaTex.tga using Guid(73ec4ae984a0a0f44a2be737e41a6f2f) Importer(815301076,1909f56bfc062723c751e8b465ee728b)  -> (artifact id: '56ecc486de9290d98556c36b10e249a7') in 0.065435 seconds 
========================================================================
Received Import Request.
  Time since last request: 31.076504 seconds.
  path: Assets/Materials/New Material.mat
  artifactKey: Guid(747574a79bb92f54db9b878f252d1f44) Importer(815301076,1909f56bfc062723c751e8b465ee728b)
Start importing Assets/Materials/New Material.mat using Guid(747574a79bb92f54db9b878f252d1f44) Importer(815301076,1909f56bfc062723c751e8b465ee728b)  -> (artifact id: '52bf52c298d87d84da8c955a63612e77') in 0.029802 seconds 
========================================================================
Received Import Request.
  Time since last request: 10.209095 seconds.
  path: Assets/Materials/budka2.mat
  artifactKey: Guid(747574a79bb92f54db9b878f252d1f44) Importer(815301076,1909f56bfc062723c751e8b465ee728b)
Start importing Assets/Materials/budka2.mat using Guid(747574a79bb92f54db9b878f252d1f44) Importer(815301076,1909f56bfc062723c751e8b465ee728b)  -> (artifact id: 'eabd61d0458d10465d01d12e7dd7de31') in 0.033728 seconds 
========================================================================
Received Import Request.
  Time since last request: 700.743778 seconds.
  path: Assets/Materials/budka1.mat
  artifactKey: Guid(a4345ef1fae14bd459ec5d0ab7865d25) Importer(815301076,1909f56bfc062723c751e8b465ee728b)
Start importing Assets/Materials/budka1.mat using Guid(a4345ef1fae14bd459ec5d0ab7865d25) Importer(815301076,1909f56bfc062723c751e8b465ee728b)  -> (artifact id: '0ecd1b0139bb01a85122285e113701f1') in 0.049429 seconds 
