Using pre-set license
Built from '2021.3/staging' branch; Version is '2021.3.15f1 (e8e88683f834) revision 15263878'; Using compiler version '192829333'; Build Type 'Release'
OS: 'Windows 10  (10.0.19044) 64bit Professional' Language: 'pl' Physical Memory: 7975 MB
BatchMode: 1, IsHumanControllingUs: 0, StartBugReporterOnCrash: 0, Is64bit: 1, IsPro: 1

COMMAND LINE ARGUMENTS:
C:\Program Files\Unity\Hub\Editor\2021.3.15f1\Editor\Unity.exe
-adb2
-batchMode
-noUpm
-name
AssetImportWorker0
-projectPath
C:/Users/Filip/Documents/GitHub/HelloITGameJam-main
-logFile
Logs/AssetImportWorker0.log
-srvPort
64098
Successfully changed project path to: C:/Users/Filip/Documents/GitHub/HelloITGameJam-main
C:/Users/Filip/Documents/GitHub/HelloITGameJam-main
[UnityMemory] Configuration Parameters - Can be set up in boot.config
    "memorysetup-bucket-allocator-granularity=16"
    "memorysetup-bucket-allocator-bucket-count=8"
    "memorysetup-bucket-allocator-block-size=33554432"
    "memorysetup-bucket-allocator-block-count=8"
    "memorysetup-main-allocator-block-size=16777216"
    "memorysetup-thread-allocator-block-size=16777216"
    "memorysetup-gfx-main-allocator-block-size=16777216"
    "memorysetup-gfx-thread-allocator-block-size=16777216"
    "memorysetup-cache-allocator-block-size=4194304"
    "memorysetup-typetree-allocator-block-size=2097152"
    "memorysetup-profiler-bucket-allocator-granularity=16"
    "memorysetup-profiler-bucket-allocator-bucket-count=8"
    "memorysetup-profiler-bucket-allocator-block-size=33554432"
    "memorysetup-profiler-bucket-allocator-block-count=8"
    "memorysetup-profiler-allocator-block-size=16777216"
    "memorysetup-profiler-editor-allocator-block-size=1048576"
    "memorysetup-temp-allocator-size-main=16777216"
    "memorysetup-job-temp-allocator-block-size=2097152"
    "memorysetup-job-temp-allocator-block-size-background=1048576"
    "memorysetup-job-temp-allocator-reduction-small-platforms=262144"
    "memorysetup-temp-allocator-size-background-worker=32768"
    "memorysetup-temp-allocator-size-job-worker=262144"
    "memorysetup-temp-allocator-size-preload-manager=33554432"
    "memorysetup-temp-allocator-size-nav-mesh-worker=65536"
    "memorysetup-temp-allocator-size-audio-worker=65536"
    "memorysetup-temp-allocator-size-cloud-worker=32768"
    "memorysetup-temp-allocator-size-gi-baking-worker=262144"
    "memorysetup-temp-allocator-size-gfx=262144"
Player connection [23280] Host "[IP] 192.168.217.57 [Port] 0 [Flags] 2 [Guid] 3101944754 [EditorId] 3101944754 [Version] 1048832 [Id] WindowsEditor(7,DESKTOP-DHACKHC) [Debug] 1 [PackageName] WindowsEditor [ProjectName] Editor" joined multi-casting on [225.0.0.222:54997]...

Player connection [23280] Host "[IP] 192.168.217.57 [Port] 0 [Flags] 2 [Guid] 3101944754 [EditorId] 3101944754 [Version] 1048832 [Id] WindowsEditor(7,DESKTOP-DHACKHC) [Debug] 1 [PackageName] WindowsEditor [ProjectName] Editor" joined alternative multi-casting on [225.0.0.222:34997]...

Refreshing native plugins compatible for Editor in 715.78 ms, found 2 plugins.
Preloading 0 native plugins for Editor in 0.00 ms.
Initialize engine version: 2021.3.15f1 (e8e88683f834)
[Subsystems] Discovering subsystems at path C:/Program Files/Unity/Hub/Editor/2021.3.15f1/Editor/Data/Resources/UnitySubsystems
[Subsystems] Discovering subsystems at path C:/Users/Filip/Documents/GitHub/HelloITGameJam-main/Assets
GfxDevice: creating device client; threaded=0; jobified=0
Direct3D:
    Version:  Direct3D 11.0 [level 11.1]
    Renderer: NVIDIA GeForce GTX 1650 (ID=0x1f9d)
    Vendor:   NVIDIA
    VRAM:     3965 MB
    Driver:   30.0.15.1295
Initialize mono
Mono path[0] = 'C:/Program Files/Unity/Hub/Editor/2021.3.15f1/Editor/Data/Managed'
Mono path[1] = 'C:/Program Files/Unity/Hub/Editor/2021.3.15f1/Editor/Data/MonoBleedingEdge/lib/mono/unityjit-win32'
Mono config path = 'C:/Program Files/Unity/Hub/Editor/2021.3.15f1/Editor/Data/MonoBleedingEdge/etc'
Using monoOptions --debugger-agent=transport=dt_socket,embedding=1,server=y,suspend=n,address=127.0.0.1:56396
Begin MonoManager ReloadAssembly
Registering precompiled unity dll's ...
Register platform support module: C:/Program Files/Unity/Hub/Editor/2021.3.15f1/Editor/Data/PlaybackEngines/WindowsStandaloneSupport/UnityEditor.WindowsStandalone.Extensions.dll
Registered in 0.009798 seconds.
Native extension for WindowsStandalone target not found
Refreshing native plugins compatible for Editor in 80.22 ms, found 2 plugins.
Preloading 0 native plugins for Editor in 0.00 ms.
Mono: successfully reloaded assembly
- Completed reload, in  1.270 seconds
Domain Reload Profiling:
	ReloadAssembly (1272ms)
		BeginReloadAssembly (229ms)
			ExecutionOrderSort (0ms)
			DisableScriptedObjects (0ms)
			BackupInstance (0ms)
			ReleaseScriptingObjects (0ms)
			CreateAndSetChildDomain (3ms)
		EndReloadAssembly (806ms)
			LoadAssemblies (223ms)
			RebuildTransferFunctionScriptingTraits (5ms)
			SetupTypeCache (236ms)
			ReleaseScriptCaches (0ms)
			RebuildScriptCaches (44ms)
			SetupLoadedEditorAssemblies (404ms)
				LogAssemblyErrors (0ms)
				InitializePlatformSupportModulesInManaged (12ms)
				SetLoadedEditorAssemblies (0ms)
				RefreshPlugins (80ms)
				BeforeProcessingInitializeOnLoad (4ms)
				ProcessInitializeOnLoadAttributes (243ms)
				ProcessInitializeOnLoadMethodAttributes (64ms)
				AfterProcessingInitializeOnLoad (0ms)
				EditorAssembliesLoaded (0ms)
			ExecutionOrderSort2 (0ms)
			AwakeInstancesAfterBackupRestoration (0ms)
Platform modules already initialized, skipping
Registering precompiled user dll's ...
Registered in 0.025217 seconds.
Begin MonoManager ReloadAssembly
Native extension for WindowsStandalone target not found
Refreshing native plugins compatible for Editor in 0.70 ms, found 2 plugins.
Preloading 0 native plugins for Editor in 0.00 ms.
Mono: successfully reloaded assembly
- Completed reload, in  1.565 seconds
Domain Reload Profiling:
	ReloadAssembly (1566ms)
		BeginReloadAssembly (166ms)
			ExecutionOrderSort (0ms)
			DisableScriptedObjects (12ms)
			BackupInstance (0ms)
			ReleaseScriptingObjects (0ms)
			CreateAndSetChildDomain (33ms)
		EndReloadAssembly (1226ms)
			LoadAssemblies (182ms)
			RebuildTransferFunctionScriptingTraits (0ms)
			SetupTypeCache (406ms)
			ReleaseScriptCaches (2ms)
			RebuildScriptCaches (67ms)
			SetupLoadedEditorAssemblies (513ms)
				LogAssemblyErrors (0ms)
				InitializePlatformSupportModulesInManaged (8ms)
				SetLoadedEditorAssemblies (1ms)
				RefreshPlugins (1ms)
				BeforeProcessingInitializeOnLoad (89ms)
				ProcessInitializeOnLoadAttributes (358ms)
				ProcessInitializeOnLoadMethodAttributes (48ms)
				AfterProcessingInitializeOnLoad (9ms)
				EditorAssembliesLoaded (0ms)
			ExecutionOrderSort2 (0ms)
			AwakeInstancesAfterBackupRestoration (8ms)
Platform modules already initialized, skipping
========================================================================
Worker process is ready to serve import requests
Launched and connected shader compiler UnityShaderCompiler.exe after 0.08 seconds
Refreshing native plugins compatible for Editor in 0.70 ms, found 2 plugins.
Preloading 0 native plugins for Editor in 0.00 ms.
Unloading 2159 Unused Serialized files (Serialized files now loaded: 0)
Unloading 34 unused Assets / (1.3 MB). Loaded Objects now: 2630.
Memory consumption went from 112.0 MB to 110.7 MB.
Total: 6.220400 ms (FindLiveObjects: 0.387800 ms CreateObjectMapping: 0.163200 ms MarkObjects: 4.693900 ms  DeleteObjects: 0.973500 ms)

AssetImportParameters requested are different than current active one (requested -> active):
  custom:video-decoder-ogg-theora: a1e56fd34408186e4bbccfd4996cb3dc -> 
  custom:container-muxer-webm: aa71ff27fc2769a1b78a27578f13a17b -> 
  custom:container-demuxer-webm: 4f35f7cbe854078d1ac9338744f61a02 -> 
  custom:video-encoder-webm-vp8: eb34c28f22e8b96e1ab97ce403110664 -> 
  custom:audio-encoder-webm-vorbis: bf7c407c2cedff20999df2af8eb42d56 -> 
  custom:framework-win-MediaFoundation: 216162199b28c13a410421893ffa2e32 -> 
  custom:container-demuxer-ogg: 62fdf1f143b41e24485cea50d1cbac27 -> 
  custom:video-decoder-webm-vp8: 9c59270c3fd7afecdb556c50c9e8de78 -> 
  custom:audio-decoder-ogg-vorbis: bf7c407c2cedff20999df2af8eb42d56 -> 
========================================================================
Received Import Request.
  Time since last request: 8943407.936928 seconds.
  path: Assets/Scripts/NavMesh.asset
  artifactKey: Guid(b2f0527f88b19ce48bc2d77b3d697657) Importer(815301076,1909f56bfc062723c751e8b465ee728b)
Start importing Assets/Scripts/NavMesh.asset using Guid(b2f0527f88b19ce48bc2d77b3d697657) Importer(815301076,1909f56bfc062723c751e8b465ee728b)  -> (artifact id: 'bb8903020e75dc88e7b6109af1346fe4') in 0.088074 seconds 
========================================================================
Received Import Request.
  Time since last request: 34.058949 seconds.
  path: Assets/Sprites/plotek.png
  artifactKey: Guid(ea4cd7a6dfc60f6419a3c99cdc9beae4) Importer(815301076,1909f56bfc062723c751e8b465ee728b)
Start importing Assets/Sprites/plotek.png using Guid(ea4cd7a6dfc60f6419a3c99cdc9beae4) Importer(815301076,1909f56bfc062723c751e8b465ee728b)  -> (artifact id: '265c99025c5fa11ba9ea684e3fbd9a02') in 0.124057 seconds 
========================================================================
Received Import Request.
  Time since last request: 21.227735 seconds.
  path: Assets/Sprites/plotek.png
  artifactKey: Guid(ea4cd7a6dfc60f6419a3c99cdc9beae4) Importer(815301076,1909f56bfc062723c751e8b465ee728b)
Start importing Assets/Sprites/plotek.png using Guid(ea4cd7a6dfc60f6419a3c99cdc9beae4) Importer(815301076,1909f56bfc062723c751e8b465ee728b)  -> (artifact id: '063cae4a5b704696732f8a2a72fba735') in 0.030899 seconds 
========================================================================
Received Import Request.
  Time since last request: 16.040112 seconds.
  path: Assets/Materials/New Material.mat
  artifactKey: Guid(248d251629039b541950bfe080eb6e1f) Importer(815301076,1909f56bfc062723c751e8b465ee728b)
Start importing Assets/Materials/New Material.mat using Guid(248d251629039b541950bfe080eb6e1f) Importer(815301076,1909f56bfc062723c751e8b465ee728b)  -> (artifact id: 'a2b503057825cf19483ca1a466e4757f') in 0.167667 seconds 
========================================================================
Received Import Request.
  Time since last request: 5438.169395 seconds.
  path: Assets/Sprites/plotek 1.png
  artifactKey: Guid(8e22b0958020a2f409d2f0c06252323d) Importer(815301076,1909f56bfc062723c751e8b465ee728b)
Start importing Assets/Sprites/plotek 1.png using Guid(8e22b0958020a2f409d2f0c06252323d) Importer(815301076,1909f56bfc062723c751e8b465ee728b)  -> (artifact id: '66e266ed942562b99e96f9d3d2f69e63') in 0.335087 seconds 
========================================================================
Received Import Request.
  Time since last request: 2.646297 seconds.
  path: Assets/Sprites/budka_od_wewnatrz 1.png
  artifactKey: Guid(c7fdbc888f9539c468f0831a22d8108d) Importer(815301076,1909f56bfc062723c751e8b465ee728b)
Start importing Assets/Sprites/budka_od_wewnatrz 1.png using Guid(c7fdbc888f9539c468f0831a22d8108d) Importer(815301076,1909f56bfc062723c751e8b465ee728b)  -> (artifact id: 'eba0b045dccc8633fbe5d758d514c733') in 0.045502 seconds 
========================================================================
Received Import Request.
  Time since last request: 3.289208 seconds.
  path: Assets/Sprites/budka_od_zewnatrz 1.png
  artifactKey: Guid(f9980faab7b69234d8885000be49413b) Importer(815301076,1909f56bfc062723c751e8b465ee728b)
Start importing Assets/Sprites/budka_od_zewnatrz 1.png using Guid(f9980faab7b69234d8885000be49413b) Importer(815301076,1909f56bfc062723c751e8b465ee728b)  -> (artifact id: 'c329598be5462cbda83034755ffea02d') in 0.024253 seconds 
========================================================================
Received Import Request.
  Time since last request: 54.653326 seconds.
  path: Assets/Sprites/budka_od_wewnątrz_brudna.png
  artifactKey: Guid(3741157e17bbc4842a1605edfefba413) Importer(815301076,1909f56bfc062723c751e8b465ee728b)
Start importing Assets/Sprites/budka_od_wewnątrz_brudna.png using Guid(3741157e17bbc4842a1605edfefba413) Importer(815301076,1909f56bfc062723c751e8b465ee728b)  -> (artifact id: 'aaee7498c97492b6af22368f32b21bac') in 0.053829 seconds 
========================================================================
Received Import Request.
  Time since last request: 0.000033 seconds.
  path: Assets/Sprites/naczepa_ta_brudna.png
  artifactKey: Guid(0e57080f68018c0438261178c78005dd) Importer(815301076,1909f56bfc062723c751e8b465ee728b)
Start importing Assets/Sprites/naczepa_ta_brudna.png using Guid(0e57080f68018c0438261178c78005dd) Importer(815301076,1909f56bfc062723c751e8b465ee728b)  -> (artifact id: 'b8ee3e123ec201f3cd7a46c5d8df9a61') in 0.051903 seconds 
========================================================================
Received Import Request.
  Time since last request: 0.000040 seconds.
  path: Assets/Sprites/naczepa.png
  artifactKey: Guid(274a0b5f54e9bd740958b3c3bd071ac1) Importer(815301076,1909f56bfc062723c751e8b465ee728b)
Start importing Assets/Sprites/naczepa.png using Guid(274a0b5f54e9bd740958b3c3bd071ac1) Importer(815301076,1909f56bfc062723c751e8b465ee728b)  -> (artifact id: '2dc55e3870c738d4b9e811a1aed92072') in 0.049667 seconds 
========================================================================
Received Import Request.
  Time since last request: 0.000120 seconds.
  path: Assets/Sprites/budka_od_zewnątrz_brudna.png
  artifactKey: Guid(c9aedae2dd76cd24da2070ecabd4db47) Importer(815301076,1909f56bfc062723c751e8b465ee728b)
Start importing Assets/Sprites/budka_od_zewnątrz_brudna.png using Guid(c9aedae2dd76cd24da2070ecabd4db47) Importer(815301076,1909f56bfc062723c751e8b465ee728b)  -> (artifact id: '599447d31498a9c847d0d4fe2d6a3b22') in 0.044604 seconds 
========================================================================
Received Import Request.
  Time since last request: 0.000048 seconds.
  path: Assets/Sprites/kawaii_brama.png
  artifactKey: Guid(8e3ef387e97411b41bce64bab8012dd5) Importer(815301076,1909f56bfc062723c751e8b465ee728b)
Start importing Assets/Sprites/kawaii_brama.png using Guid(8e3ef387e97411b41bce64bab8012dd5) Importer(815301076,1909f56bfc062723c751e8b465ee728b)  -> (artifact id: '71aa040c65fd29e5afcb9e8b6aefb318') in 0.038755 seconds 
========================================================================
Received Import Request.
  Time since last request: 0.000111 seconds.
  path: Assets/Sprites/pojebane_ogrodzenie.png
  artifactKey: Guid(f09203a2d16ee4743bbb9a04e15d58f7) Importer(815301076,1909f56bfc062723c751e8b465ee728b)
Start importing Assets/Sprites/pojebane_ogrodzenie.png using Guid(f09203a2d16ee4743bbb9a04e15d58f7) Importer(815301076,1909f56bfc062723c751e8b465ee728b)  -> (artifact id: 'c75d406aadfb6c975ff35af7c21992c0') in 0.035379 seconds 
========================================================================
Received Import Request.
  Time since last request: 0.000075 seconds.
  path: Assets/Sprites/ugly_af_brama.png
  artifactKey: Guid(65bcb685a2d243f46bd83f7d00e00069) Importer(815301076,1909f56bfc062723c751e8b465ee728b)
Start importing Assets/Sprites/ugly_af_brama.png using Guid(65bcb685a2d243f46bd83f7d00e00069) Importer(815301076,1909f56bfc062723c751e8b465ee728b)  -> (artifact id: '12c44f101a6787e0f8d6e1a867e2b38b') in 0.038018 seconds 
========================================================================
Received Import Request.
  Time since last request: 15.082680 seconds.
  path: Assets/Sprites/pojebane_ogrodzenie.png
  artifactKey: Guid(f09203a2d16ee4743bbb9a04e15d58f7) Importer(815301076,1909f56bfc062723c751e8b465ee728b)
Start importing Assets/Sprites/pojebane_ogrodzenie.png using Guid(f09203a2d16ee4743bbb9a04e15d58f7) Importer(815301076,1909f56bfc062723c751e8b465ee728b)  -> (artifact id: '25871d5afe34f735a200463827f85e3f') in 0.033553 seconds 
========================================================================
Received Import Request.
  Time since last request: 3.026928 seconds.
  path: Assets/Sprites/ugly_af_brama.png
  artifactKey: Guid(65bcb685a2d243f46bd83f7d00e00069) Importer(815301076,1909f56bfc062723c751e8b465ee728b)
Start importing Assets/Sprites/ugly_af_brama.png using Guid(65bcb685a2d243f46bd83f7d00e00069) Importer(815301076,1909f56bfc062723c751e8b465ee728b)  -> (artifact id: '3a7c83736fcc41c95da182a8106dee84') in 0.030975 seconds 
========================================================================
Received Import Request.
  Time since last request: 4.483329 seconds.
  path: Assets/Sprites/kawaii_brama.png
  artifactKey: Guid(8e3ef387e97411b41bce64bab8012dd5) Importer(815301076,1909f56bfc062723c751e8b465ee728b)
Start importing Assets/Sprites/kawaii_brama.png using Guid(8e3ef387e97411b41bce64bab8012dd5) Importer(815301076,1909f56bfc062723c751e8b465ee728b)  -> (artifact id: '0a93b85d907bbbe6d8ff0eb5803957b7') in 0.030122 seconds 
========================================================================
Received Import Request.
  Time since last request: 25.792113 seconds.
  path: Assets/Sprites/naczepa_ta_brudna.png
  artifactKey: Guid(0e57080f68018c0438261178c78005dd) Importer(815301076,1909f56bfc062723c751e8b465ee728b)
Start importing Assets/Sprites/naczepa_ta_brudna.png using Guid(0e57080f68018c0438261178c78005dd) Importer(815301076,1909f56bfc062723c751e8b465ee728b)  -> (artifact id: '0433b4547e8f91abc893348f1ec4351b') in 0.025602 seconds 
========================================================================
Received Import Request.
  Time since last request: 2.427464 seconds.
  path: Assets/Sprites/naczepa.png
  artifactKey: Guid(274a0b5f54e9bd740958b3c3bd071ac1) Importer(815301076,1909f56bfc062723c751e8b465ee728b)
Start importing Assets/Sprites/naczepa.png using Guid(274a0b5f54e9bd740958b3c3bd071ac1) Importer(815301076,1909f56bfc062723c751e8b465ee728b)  -> (artifact id: '5d6c5d6d7230f056cc31e219ce3ce0b9') in 0.021713 seconds 
========================================================================
Received Import Request.
  Time since last request: 33.126048 seconds.
  path: Assets/Materials/New Material.mat
  artifactKey: Guid(248d251629039b541950bfe080eb6e1f) Importer(815301076,1909f56bfc062723c751e8b465ee728b)
Start importing Assets/Materials/New Material.mat using Guid(248d251629039b541950bfe080eb6e1f) Importer(815301076,1909f56bfc062723c751e8b465ee728b)  -> (artifact id: '4ebdfd84202f3c055d14a2f2f74aa727') in 0.214554 seconds 
========================================================================
Received Import Request.
  Time since last request: 24.345297 seconds.
  path: Assets/Materials/bramka.mat
  artifactKey: Guid(7f59652c9b0ef754babc89bc7566fcb2) Importer(815301076,1909f56bfc062723c751e8b465ee728b)
Start importing Assets/Materials/bramka.mat using Guid(7f59652c9b0ef754babc89bc7566fcb2) Importer(815301076,1909f56bfc062723c751e8b465ee728b)  -> (artifact id: '852259b0b15e8f2fff360ee23a7a4cc7') in 0.039460 seconds 
========================================================================
Received Import Request.
  Time since last request: 50.604166 seconds.
  path: Assets/Materials/bramka_zla.mat
  artifactKey: Guid(681777edd1e2f64459b71c57fa7a5471) Importer(815301076,1909f56bfc062723c751e8b465ee728b)
Start importing Assets/Materials/bramka_zla.mat using Guid(681777edd1e2f64459b71c57fa7a5471) Importer(815301076,1909f56bfc062723c751e8b465ee728b)  -> (artifact id: 'd3be10a336f0cd3f079c04df627dd89b') in 0.025017 seconds 
========================================================================
Received Import Request.
  Time since last request: 340.914775 seconds.
  path: Assets/Materials/naczepa.mat
  artifactKey: Guid(ec98493fa98fd2245b0322e5dc9e3677) Importer(815301076,1909f56bfc062723c751e8b465ee728b)
Start importing Assets/Materials/naczepa.mat using Guid(ec98493fa98fd2245b0322e5dc9e3677) Importer(815301076,1909f56bfc062723c751e8b465ee728b)  -> (artifact id: '7327efa4edc5ea53de411ef7b3d8132b') in 0.043949 seconds 
========================================================================
Received Import Request.
  Time since last request: 50.763734 seconds.
  path: Assets/Materials/plotek_zly.mat
  artifactKey: Guid(969f7117086de814bb0d678d5b012e03) Importer(815301076,1909f56bfc062723c751e8b465ee728b)
Start importing Assets/Materials/plotek_zly.mat using Guid(969f7117086de814bb0d678d5b012e03) Importer(815301076,1909f56bfc062723c751e8b465ee728b)  -> (artifact id: '757e00341fa2232d3ba40920ada22331') in 0.028590 seconds 
========================================================================
Received Import Request.
  Time since last request: 6.693132 seconds.
  path: Packages/com.unity.collab-proxy/Editor/PlasticSCM/Assets/Images/d_iconplasticnotifyconflict.png
  artifactKey: Guid(51582ae5ea51fa14996791a550f89473) Importer(815301076,1909f56bfc062723c751e8b465ee728b)
Start importing Packages/com.unity.collab-proxy/Editor/PlasticSCM/Assets/Images/d_iconplasticnotifyconflict.png using Guid(51582ae5ea51fa14996791a550f89473) Importer(815301076,1909f56bfc062723c751e8b465ee728b)  -> (artifact id: '85559c6091f2fae800a47f07e2ce6e32') in 0.308201 seconds 
========================================================================
Received Import Request.
  Time since last request: 0.000037 seconds.
  path: Packages/com.unity.collab-proxy/Editor/PlasticSCM/Assets/Images/d_iconplasticview.png
  artifactKey: Guid(519d97e745e55f041b609f3666cbc037) Importer(815301076,1909f56bfc062723c751e8b465ee728b)
Start importing Packages/com.unity.collab-proxy/Editor/PlasticSCM/Assets/Images/d_iconplasticview.png using Guid(519d97e745e55f041b609f3666cbc037) Importer(815301076,1909f56bfc062723c751e8b465ee728b)  -> (artifact id: '03f2447b91ef42bd62b36b7962b8ec85') in 0.039603 seconds 
========================================================================
Received Import Request.
  Time since last request: 0.000098 seconds.
  path: Packages/com.unity.collab-proxy/Editor/PlasticSCM/Assets/Images/d_iconplasticview@2x.png
  artifactKey: Guid(3168140d6f409d0448447f18568d9482) Importer(815301076,1909f56bfc062723c751e8b465ee728b)
Start importing Packages/com.unity.collab-proxy/Editor/PlasticSCM/Assets/Images/d_iconplasticview@2x.png using Guid(3168140d6f409d0448447f18568d9482) Importer(815301076,1909f56bfc062723c751e8b465ee728b)  -> (artifact id: '31e004426874bcc2621330edcad06925') in 0.046377 seconds 
========================================================================
Received Import Request.
  Time since last request: 0.000040 seconds.
  path: Packages/com.unity.collab-proxy/Editor/PlasticSCM/Assets/Images/d_iconplasticnotifyconflict@2x.png
  artifactKey: Guid(23743f0c0ed1e6546808a5d645c2a6a5) Importer(815301076,1909f56bfc062723c751e8b465ee728b)
Start importing Packages/com.unity.collab-proxy/Editor/PlasticSCM/Assets/Images/d_iconplasticnotifyconflict@2x.png using Guid(23743f0c0ed1e6546808a5d645c2a6a5) Importer(815301076,1909f56bfc062723c751e8b465ee728b)  -> (artifact id: 'd87d0830e443f5874ff5abee73df2c4f') in 0.040481 seconds 
========================================================================
Received Import Request.
  Time since last request: 0.000060 seconds.
  path: Packages/com.unity.collab-proxy/Editor/PlasticSCM/Assets/Images/d_iconplasticnotifyincoming@2x.png
  artifactKey: Guid(c5fc116b3271b5947808130b2212cd60) Importer(815301076,1909f56bfc062723c751e8b465ee728b)
Start importing Packages/com.unity.collab-proxy/Editor/PlasticSCM/Assets/Images/d_iconplasticnotifyincoming@2x.png using Guid(c5fc116b3271b5947808130b2212cd60) Importer(815301076,1909f56bfc062723c751e8b465ee728b)  -> (artifact id: '353183d512baddc94cdf31a6b0af1f1a') in 0.059409 seconds 
========================================================================
Received Import Request.
  Time since last request: 0.000044 seconds.
  path: Packages/com.unity.collab-proxy/Editor/PlasticSCM/Assets/Images/d_iconplasticnotifyincoming.png
  artifactKey: Guid(f31d2c855644aad4cb2030bce12859f6) Importer(815301076,1909f56bfc062723c751e8b465ee728b)
Start importing Packages/com.unity.collab-proxy/Editor/PlasticSCM/Assets/Images/d_iconplasticnotifyincoming.png using Guid(f31d2c855644aad4cb2030bce12859f6) Importer(815301076,1909f56bfc062723c751e8b465ee728b)  -> (artifact id: 'de70570f83878e6ad0a7c920d184b1be') in 0.033980 seconds 
========================================================================
Received Import Request.
  Time since last request: 0.499504 seconds.
  path: Packages/com.unity.postprocessing/PostProcessing/Gizmos/PostProcessLayer.png
  artifactKey: Guid(5f51e0b22aa8cb84b9f422576ce87ff9) Importer(815301076,1909f56bfc062723c751e8b465ee728b)
Start importing Packages/com.unity.postprocessing/PostProcessing/Gizmos/PostProcessLayer.png using Guid(5f51e0b22aa8cb84b9f422576ce87ff9) Importer(815301076,1909f56bfc062723c751e8b465ee728b)  -> (artifact id: '80d4e11cf396665eeb8c6c21302e6f0d') in 0.040549 seconds 
========================================================================
Received Import Request.
  Time since last request: 0.000197 seconds.
  path: Assets/Imported/LeanTween/Examples/Textures/PowerUpStar.png
  artifactKey: Guid(70141d51621e24facbca9196bbde84b4) Importer(815301076,1909f56bfc062723c751e8b465ee728b)
Start importing Assets/Imported/LeanTween/Examples/Textures/PowerUpStar.png using Guid(70141d51621e24facbca9196bbde84b4) Importer(815301076,1909f56bfc062723c751e8b465ee728b)  -> (artifact id: '3452833acb5ac0e8f338361bf94435af') in 0.053455 seconds 
========================================================================
Received Import Request.
  Time since last request: 1385.910334 seconds.
  path: Assets/Imported/LeanTween/Examples/Textures/Dude2d.png
  artifactKey: Guid(5f7fa9a7940a64e79b5a42d9f661d42c) Importer(815301076,1909f56bfc062723c751e8b465ee728b)
Start importing Assets/Imported/LeanTween/Examples/Textures/Dude2d.png using Guid(5f7fa9a7940a64e79b5a42d9f661d42c) Importer(815301076,1909f56bfc062723c751e8b465ee728b)  -> (artifact id: 'd4e6d9da20ab51bff7bd44daaa2be522') in 0.141921 seconds 
========================================================================
Received Import Request.
  Time since last request: 0.000104 seconds.
  path: Assets/Imported/LeanTween/Examples/Textures/DustCloud.png
  artifactKey: Guid(c4c548a339b4d41a590928c0c98934a7) Importer(815301076,1909f56bfc062723c751e8b465ee728b)
Start importing Assets/Imported/LeanTween/Examples/Textures/DustCloud.png using Guid(c4c548a339b4d41a590928c0c98934a7) Importer(815301076,1909f56bfc062723c751e8b465ee728b)  -> (artifact id: '7d14c965c8c729c9000c0adcbb28a553') in 0.083633 seconds 
========================================================================
Received Import Request.
  Time since last request: 759.394783 seconds.
  path: Assets/Sprites/drzewmo.png
  artifactKey: Guid(193bbca8c8864fa40824c15adfc0079d) Importer(815301076,1909f56bfc062723c751e8b465ee728b)
Start importing Assets/Sprites/drzewmo.png using Guid(193bbca8c8864fa40824c15adfc0079d) Importer(815301076,1909f56bfc062723c751e8b465ee728b)  -> (artifact id: '455406d0e4e3214c98ba07276b7970a8') in 0.125583 seconds 
========================================================================
Received Import Request.
  Time since last request: 824.804142 seconds.
  path: Assets/Materials/bramka.mat
  artifactKey: Guid(7f59652c9b0ef754babc89bc7566fcb2) Importer(815301076,1909f56bfc062723c751e8b465ee728b)
Start importing Assets/Materials/bramka.mat using Guid(7f59652c9b0ef754babc89bc7566fcb2) Importer(815301076,1909f56bfc062723c751e8b465ee728b)  -> (artifact id: '3138dc7729869855325f65cc3687c145') in 0.143986 seconds 
========================================================================
Received Import Request.
  Time since last request: 0.000072 seconds.
  path: Assets/Materials/Tree.mat
  artifactKey: Guid(ba04205e480426d45849d8b71f57117a) Importer(815301076,1909f56bfc062723c751e8b465ee728b)
Start importing Assets/Materials/Tree.mat using Guid(ba04205e480426d45849d8b71f57117a) Importer(815301076,1909f56bfc062723c751e8b465ee728b)  -> (artifact id: '86c864410e64368f377e3c60d812bf36') in 0.099613 seconds 
========================================================================
Received Import Request.
  Time since last request: 0.000090 seconds.
  path: Assets/Materials/Kurtyna 1.mat
  artifactKey: Guid(4097c23241e0bb04f9641fc1e6c6c07c) Importer(815301076,1909f56bfc062723c751e8b465ee728b)
Start importing Assets/Materials/Kurtyna 1.mat using Guid(4097c23241e0bb04f9641fc1e6c6c07c) Importer(815301076,1909f56bfc062723c751e8b465ee728b)  -> (artifact id: '0cf667eb8bac0a6db604e87b2faed795') in 0.044065 seconds 
========================================================================
Received Import Request.
  Time since last request: 0.000090 seconds.
  path: Assets/Materials/naczepa.mat
  artifactKey: Guid(ec98493fa98fd2245b0322e5dc9e3677) Importer(815301076,1909f56bfc062723c751e8b465ee728b)
Start importing Assets/Materials/naczepa.mat using Guid(ec98493fa98fd2245b0322e5dc9e3677) Importer(815301076,1909f56bfc062723c751e8b465ee728b)  -> (artifact id: '966c50a82009eeb19c04d480a81194bf') in 0.034996 seconds 
========================================================================
Received Import Request.
  Time since last request: 0.000053 seconds.
  path: Assets/Materials/bramka_zla.mat
  artifactKey: Guid(681777edd1e2f64459b71c57fa7a5471) Importer(815301076,1909f56bfc062723c751e8b465ee728b)
Start importing Assets/Materials/bramka_zla.mat using Guid(681777edd1e2f64459b71c57fa7a5471) Importer(815301076,1909f56bfc062723c751e8b465ee728b)  -> (artifact id: 'f27db8d58fa397743e27c69a6443c672') in 0.037632 seconds 
========================================================================
Received Import Request.
  Time since last request: 0.000103 seconds.
  path: Assets/Materials/plotek_zly.mat
  artifactKey: Guid(969f7117086de814bb0d678d5b012e03) Importer(815301076,1909f56bfc062723c751e8b465ee728b)
Start importing Assets/Materials/plotek_zly.mat using Guid(969f7117086de814bb0d678d5b012e03) Importer(815301076,1909f56bfc062723c751e8b465ee728b)  -> (artifact id: '88c08a48d0ebcedc0e8b7bbd314a8e79') in 0.041020 seconds 
========================================================================
Received Import Request.
  Time since last request: 2.468186 seconds.
  path: Packages/com.unity.postprocessing/PostProcessing/Textures/BlueNoise256px/LDR_LLL1_0.png
  artifactKey: Guid(6017f374382d64245a0a4aab668e6f38) Importer(815301076,1909f56bfc062723c751e8b465ee728b)
Start importing Packages/com.unity.postprocessing/PostProcessing/Textures/BlueNoise256px/LDR_LLL1_0.png using Guid(6017f374382d64245a0a4aab668e6f38) Importer(815301076,1909f56bfc062723c751e8b465ee728b)  -> (artifact id: '802917a86fddd9c25ac5d5874dab838a') in 0.147451 seconds 
========================================================================
Received Import Request.
  Time since last request: 0.000144 seconds.
  path: Packages/com.unity.postprocessing/PostProcessing/Textures/BlueNoise256px/LDR_LLL1_1.png
  artifactKey: Guid(0f8fa14b3731cda4e947062e734d5e1e) Importer(815301076,1909f56bfc062723c751e8b465ee728b)
Start importing Packages/com.unity.postprocessing/PostProcessing/Textures/BlueNoise256px/LDR_LLL1_1.png using Guid(0f8fa14b3731cda4e947062e734d5e1e) Importer(815301076,1909f56bfc062723c751e8b465ee728b)  -> (artifact id: '6ef8165397106d58795da1bd4ebe2fbc') in 0.029261 seconds 
========================================================================
Received Import Request.
  Time since last request: 0.000043 seconds.
  path: Packages/com.unity.postprocessing/PostProcessing/Textures/BlueNoise64px/LDR_LLL1_1.png
  artifactKey: Guid(3c2f1fb7e4b66e74191b7c328ada52d9) Importer(815301076,1909f56bfc062723c751e8b465ee728b)
Start importing Packages/com.unity.postprocessing/PostProcessing/Textures/BlueNoise64px/LDR_LLL1_1.png using Guid(3c2f1fb7e4b66e74191b7c328ada52d9) Importer(815301076,1909f56bfc062723c751e8b465ee728b)  -> (artifact id: '09e302d9dc95a3666c86cf2db4a371c8') in 0.030608 seconds 
========================================================================
Received Import Request.
  Time since last request: 0.000063 seconds.
  path: Packages/com.unity.postprocessing/PostProcessing/Textures/BlueNoise256px/LDR_LLL1_2.png
  artifactKey: Guid(1abfe0e165ca1e9428b455ffc9a2d9ef) Importer(815301076,1909f56bfc062723c751e8b465ee728b)
Start importing Packages/com.unity.postprocessing/PostProcessing/Textures/BlueNoise256px/LDR_LLL1_2.png using Guid(1abfe0e165ca1e9428b455ffc9a2d9ef) Importer(815301076,1909f56bfc062723c751e8b465ee728b)  -> (artifact id: 'c8f595e120117baa7bd5b982900b5846') in 0.024404 seconds 
========================================================================
Received Import Request.
  Time since last request: 0.000041 seconds.
  path: Packages/com.unity.postprocessing/PostProcessing/Textures/BlueNoise64px/LDR_LLL1_0.png
  artifactKey: Guid(50b54341495978843a6f85583ed4417d) Importer(815301076,1909f56bfc062723c751e8b465ee728b)
Start importing Packages/com.unity.postprocessing/PostProcessing/Textures/BlueNoise64px/LDR_LLL1_0.png using Guid(50b54341495978843a6f85583ed4417d) Importer(815301076,1909f56bfc062723c751e8b465ee728b)  -> (artifact id: 'c51dfcf83ae0109afa9b7f4a8425e0d2') in 0.026651 seconds 
========================================================================
Received Import Request.
  Time since last request: 11.853011 seconds.
  path: Assets/Materials/Kurtyna mirror.mat
  artifactKey: Guid(d12fc3fe7aa9ceb45876dc765a0b2cac) Importer(815301076,1909f56bfc062723c751e8b465ee728b)
Start importing Assets/Materials/Kurtyna mirror.mat using Guid(d12fc3fe7aa9ceb45876dc765a0b2cac) Importer(815301076,1909f56bfc062723c751e8b465ee728b)  -> (artifact id: 'f51b973a203585dcc9d8fce8882ecb7a') in 0.039440 seconds 
========================================================================
Received Import Request.
  Time since last request: 283.271115 seconds.
  path: Assets/Materials/Kurtyna 1.mat
  artifactKey: Guid(4097c23241e0bb04f9641fc1e6c6c07c) Importer(815301076,1909f56bfc062723c751e8b465ee728b)
Start importing Assets/Materials/Kurtyna 1.mat using Guid(4097c23241e0bb04f9641fc1e6c6c07c) Importer(815301076,1909f56bfc062723c751e8b465ee728b)  -> (artifact id: '7de85ad111299046500223bbfe80cc2a') in 0.032108 seconds 
